CRITICAL - 2025-04-26 12:18:50 --> ErrorException: Undefined variable $title
[Method: GET, Route: home]
in APPPATH\Views\template\header.php on line 5.
 1 APPPATH\Views\template\header.php(5): CodeIgniter\Debug\Exceptions->errorHandler(2, 'Undefined variable $title', 'C:\\xampp\\htdocs\\Lab11_ci\\ci4\\app\\Views\\template\\header.php', 5)
 2 SYSTEMPATH\View\View.php(224): include('C:\\xampp\\htdocs\\Lab11_ci\\ci4\\app\\Views\\template\\header.php')
 3 SYSTEMPATH\View\View.php(227): CodeIgniter\View\View->CodeIgniter\View\{closure}()
 4 SYSTEMPATH\View\View.php(475): CodeIgniter\View\View->render('template/header', null, true)
 5 APPPATH\Views\home.php(1): CodeIgniter\View\View->include('template/header')
 6 SYSTEMPATH\View\View.php(224): include('C:\\xampp\\htdocs\\Lab11_ci\\ci4\\app\\Views\\home.php')
 7 SYSTEMPATH\View\View.php(227): CodeIgniter\View\View->CodeIgniter\View\{closure}()
 8 SYSTEMPATH\Common.php(1173): CodeIgniter\View\View->render('home', [], true)
 9 APPPATH\Controllers\Home.php(9): view('home')
10 SYSTEMPATH\CodeIgniter.php(933): App\Controllers\Home->index()
11 SYSTEMPATH\CodeIgniter.php(507): CodeIgniter\CodeIgniter->runController(Object(App\Controllers\Home))
12 SYSTEMPATH\CodeIgniter.php(354): CodeIgniter\CodeIgniter->handleRequest(null, Object(Config\Cache), false)
13 SYSTEMPATH\Boot.php(334): CodeIgniter\CodeIgniter->run()
14 SYSTEMPATH\Boot.php(67): CodeIgniter\Boot::runCodeIgniter(Object(CodeIgniter\CodeIgniter))
15 FCPATH\index.php(56): CodeIgniter\Boot::bootWeb(Object(Config\Paths))
16 SYSTEMPATH\rewrite.php(44): require_once('C:\\xampp\\htdocs\\Lab11_ci\\ci4\\public\\index.php')
CRITICAL - 2025-04-26 12:19:43 --> ErrorException: Undefined variable $title
[Method: GET, Route: home]
in APPPATH\Views\template\header.php on line 5.
 1 APPPATH\Views\template\header.php(5): CodeIgniter\Debug\Exceptions->errorHandler(2, 'Undefined variable $title', 'C:\\xampp\\htdocs\\Lab11_ci\\ci4\\app\\Views\\template\\header.php', 5)
 2 SYSTEMPATH\View\View.php(224): include('C:\\xampp\\htdocs\\Lab11_ci\\ci4\\app\\Views\\template\\header.php')
 3 SYSTEMPATH\View\View.php(227): CodeIgniter\View\View->CodeIgniter\View\{closure}()
 4 SYSTEMPATH\View\View.php(475): CodeIgniter\View\View->render('template/header', null, true)
 5 APPPATH\Views\home.php(1): CodeIgniter\View\View->include('template/header')
 6 SYSTEMPATH\View\View.php(224): include('C:\\xampp\\htdocs\\Lab11_ci\\ci4\\app\\Views\\home.php')
 7 SYSTEMPATH\View\View.php(227): CodeIgniter\View\View->CodeIgniter\View\{closure}()
 8 SYSTEMPATH\Common.php(1173): CodeIgniter\View\View->render('home', [], true)
 9 APPPATH\Controllers\Home.php(9): view('home')
10 SYSTEMPATH\CodeIgniter.php(933): App\Controllers\Home->index()
11 SYSTEMPATH\CodeIgniter.php(507): CodeIgniter\CodeIgniter->runController(Object(App\Controllers\Home))
12 SYSTEMPATH\CodeIgniter.php(354): CodeIgniter\CodeIgniter->handleRequest(null, Object(Config\Cache), false)
13 SYSTEMPATH\Boot.php(334): CodeIgniter\CodeIgniter->run()
14 SYSTEMPATH\Boot.php(67): CodeIgniter\Boot::runCodeIgniter(Object(CodeIgniter\CodeIgniter))
15 FCPATH\index.php(56): CodeIgniter\Boot::bootWeb(Object(Config\Paths))
16 SYSTEMPATH\rewrite.php(44): require_once('C:\\xampp\\htdocs\\Lab11_ci\\ci4\\public\\index.php')
CRITICAL - 2025-04-26 12:19:54 --> ErrorException: Undefined variable $title
[Method: GET, Route: home]
in APPPATH\Views\template\header.php on line 5.
 1 APPPATH\Views\template\header.php(5): CodeIgniter\Debug\Exceptions->errorHandler(2, 'Undefined variable $title', 'C:\\xampp\\htdocs\\Lab11_ci\\ci4\\app\\Views\\template\\header.php', 5)
 2 SYSTEMPATH\View\View.php(224): include('C:\\xampp\\htdocs\\Lab11_ci\\ci4\\app\\Views\\template\\header.php')
 3 SYSTEMPATH\View\View.php(227): CodeIgniter\View\View->CodeIgniter\View\{closure}()
 4 SYSTEMPATH\View\View.php(475): CodeIgniter\View\View->render('template/header', null, true)
 5 APPPATH\Views\home.php(1): CodeIgniter\View\View->include('template/header')
 6 SYSTEMPATH\View\View.php(224): include('C:\\xampp\\htdocs\\Lab11_ci\\ci4\\app\\Views\\home.php')
 7 SYSTEMPATH\View\View.php(227): CodeIgniter\View\View->CodeIgniter\View\{closure}()
 8 SYSTEMPATH\Common.php(1173): CodeIgniter\View\View->render('home', [], true)
 9 APPPATH\Controllers\Home.php(9): view('home')
10 SYSTEMPATH\CodeIgniter.php(933): App\Controllers\Home->index()
11 SYSTEMPATH\CodeIgniter.php(507): CodeIgniter\CodeIgniter->runController(Object(App\Controllers\Home))
12 SYSTEMPATH\CodeIgniter.php(354): CodeIgniter\CodeIgniter->handleRequest(null, Object(Config\Cache), false)
13 SYSTEMPATH\Boot.php(334): CodeIgniter\CodeIgniter->run()
14 SYSTEMPATH\Boot.php(67): CodeIgniter\Boot::runCodeIgniter(Object(CodeIgniter\CodeIgniter))
15 FCPATH\index.php(56): CodeIgniter\Boot::bootWeb(Object(Config\Paths))
16 SYSTEMPATH\rewrite.php(44): require_once('C:\\xampp\\htdocs\\Lab11_ci\\ci4\\public\\index.php')
CRITICAL - 2025-04-26 12:19:56 --> ErrorException: Undefined variable $title
[Method: GET, Route: home]
in APPPATH\Views\template\header.php on line 5.
 1 APPPATH\Views\template\header.php(5): CodeIgniter\Debug\Exceptions->errorHandler(2, 'Undefined variable $title', 'C:\\xampp\\htdocs\\Lab11_ci\\ci4\\app\\Views\\template\\header.php', 5)
 2 SYSTEMPATH\View\View.php(224): include('C:\\xampp\\htdocs\\Lab11_ci\\ci4\\app\\Views\\template\\header.php')
 3 SYSTEMPATH\View\View.php(227): CodeIgniter\View\View->CodeIgniter\View\{closure}()
 4 SYSTEMPATH\View\View.php(475): CodeIgniter\View\View->render('template/header', null, true)
 5 APPPATH\Views\home.php(1): CodeIgniter\View\View->include('template/header')
 6 SYSTEMPATH\View\View.php(224): include('C:\\xampp\\htdocs\\Lab11_ci\\ci4\\app\\Views\\home.php')
 7 SYSTEMPATH\View\View.php(227): CodeIgniter\View\View->CodeIgniter\View\{closure}()
 8 SYSTEMPATH\Common.php(1173): CodeIgniter\View\View->render('home', [], true)
 9 APPPATH\Controllers\Home.php(9): view('home')
10 SYSTEMPATH\CodeIgniter.php(933): App\Controllers\Home->index()
11 SYSTEMPATH\CodeIgniter.php(507): CodeIgniter\CodeIgniter->runController(Object(App\Controllers\Home))
12 SYSTEMPATH\CodeIgniter.php(354): CodeIgniter\CodeIgniter->handleRequest(null, Object(Config\Cache), false)
13 SYSTEMPATH\Boot.php(334): CodeIgniter\CodeIgniter->run()
14 SYSTEMPATH\Boot.php(67): CodeIgniter\Boot::runCodeIgniter(Object(CodeIgniter\CodeIgniter))
15 FCPATH\index.php(56): CodeIgniter\Boot::bootWeb(Object(Config\Paths))
16 SYSTEMPATH\rewrite.php(44): require_once('C:\\xampp\\htdocs\\Lab11_ci\\ci4\\public\\index.php')
CRITICAL - 2025-04-26 12:20:00 --> ErrorException: Undefined variable $title
[Method: GET, Route: home]
in APPPATH\Views\template\header.php on line 5.
 1 APPPATH\Views\template\header.php(5): CodeIgniter\Debug\Exceptions->errorHandler(2, 'Undefined variable $title', 'C:\\xampp\\htdocs\\Lab11_ci\\ci4\\app\\Views\\template\\header.php', 5)
 2 SYSTEMPATH\View\View.php(224): include('C:\\xampp\\htdocs\\Lab11_ci\\ci4\\app\\Views\\template\\header.php')
 3 SYSTEMPATH\View\View.php(227): CodeIgniter\View\View->CodeIgniter\View\{closure}()
 4 SYSTEMPATH\View\View.php(475): CodeIgniter\View\View->render('template/header', null, true)
 5 APPPATH\Views\home.php(1): CodeIgniter\View\View->include('template/header')
 6 SYSTEMPATH\View\View.php(224): include('C:\\xampp\\htdocs\\Lab11_ci\\ci4\\app\\Views\\home.php')
 7 SYSTEMPATH\View\View.php(227): CodeIgniter\View\View->CodeIgniter\View\{closure}()
 8 SYSTEMPATH\Common.php(1173): CodeIgniter\View\View->render('home', [], true)
 9 APPPATH\Controllers\Home.php(9): view('home')
10 SYSTEMPATH\CodeIgniter.php(933): App\Controllers\Home->index()
11 SYSTEMPATH\CodeIgniter.php(507): CodeIgniter\CodeIgniter->runController(Object(App\Controllers\Home))
12 SYSTEMPATH\CodeIgniter.php(354): CodeIgniter\CodeIgniter->handleRequest(null, Object(Config\Cache), false)
13 SYSTEMPATH\Boot.php(334): CodeIgniter\CodeIgniter->run()
14 SYSTEMPATH\Boot.php(67): CodeIgniter\Boot::runCodeIgniter(Object(CodeIgniter\CodeIgniter))
15 FCPATH\index.php(56): CodeIgniter\Boot::bootWeb(Object(Config\Paths))
16 SYSTEMPATH\rewrite.php(44): require_once('C:\\xampp\\htdocs\\Lab11_ci\\ci4\\public\\index.php')
CRITICAL - 2025-04-26 12:37:13 --> CodeIgniter\View\Exceptions\ViewException: Invalid file: "artikel.php"
[Method: GET, Route: artikel]
in SYSTEMPATH\Exceptions\FrameworkException.php on line 39.
 1 SYSTEMPATH\View\View.php(212): CodeIgniter\Exceptions\FrameworkException::forInvalidFile('artikel.php')
 2 SYSTEMPATH\Common.php(1173): CodeIgniter\View\View->render('artikel', [], true)
 3 APPPATH\Controllers\Page.php(16): view('artikel', [...])
 4 SYSTEMPATH\CodeIgniter.php(933): App\Controllers\Page->artikel()
 5 SYSTEMPATH\CodeIgniter.php(507): CodeIgniter\CodeIgniter->runController(Object(App\Controllers\Page))
 6 SYSTEMPATH\CodeIgniter.php(354): CodeIgniter\CodeIgniter->handleRequest(null, Object(Config\Cache), false)
 7 SYSTEMPATH\Boot.php(334): CodeIgniter\CodeIgniter->run()
 8 SYSTEMPATH\Boot.php(67): CodeIgniter\Boot::runCodeIgniter(Object(CodeIgniter\CodeIgniter))
 9 FCPATH\index.php(56): CodeIgniter\Boot::bootWeb(Object(Config\Paths))
10 SYSTEMPATH\rewrite.php(44): require_once('C:\\xampp\\htdocs\\Lab11_ci\\ci4\\public\\index.php')
CRITICAL - 2025-04-26 12:37:15 --> CodeIgniter\View\Exceptions\ViewException: Invalid file: "artikel.php"
[Method: GET, Route: artikel]
in SYSTEMPATH\Exceptions\FrameworkException.php on line 39.
 1 SYSTEMPATH\View\View.php(212): CodeIgniter\Exceptions\FrameworkException::forInvalidFile('artikel.php')
 2 SYSTEMPATH\Common.php(1173): CodeIgniter\View\View->render('artikel', [], true)
 3 APPPATH\Controllers\Page.php(16): view('artikel', [...])
 4 SYSTEMPATH\CodeIgniter.php(933): App\Controllers\Page->artikel()
 5 SYSTEMPATH\CodeIgniter.php(507): CodeIgniter\CodeIgniter->runController(Object(App\Controllers\Page))
 6 SYSTEMPATH\CodeIgniter.php(354): CodeIgniter\CodeIgniter->handleRequest(null, Object(Config\Cache), false)
 7 SYSTEMPATH\Boot.php(334): CodeIgniter\CodeIgniter->run()
 8 SYSTEMPATH\Boot.php(67): CodeIgniter\Boot::runCodeIgniter(Object(CodeIgniter\CodeIgniter))
 9 FCPATH\index.php(56): CodeIgniter\Boot::bootWeb(Object(Config\Paths))
10 SYSTEMPATH\rewrite.php(44): require_once('C:\\xampp\\htdocs\\Lab11_ci\\ci4\\public\\index.php')
CRITICAL - 2025-04-26 12:37:16 --> CodeIgniter\View\Exceptions\ViewException: Invalid file: "artikel.php"
[Method: GET, Route: artikel]
in SYSTEMPATH\Exceptions\FrameworkException.php on line 39.
 1 SYSTEMPATH\View\View.php(212): CodeIgniter\Exceptions\FrameworkException::forInvalidFile('artikel.php')
 2 SYSTEMPATH\Common.php(1173): CodeIgniter\View\View->render('artikel', [], true)
 3 APPPATH\Controllers\Page.php(16): view('artikel', [...])
 4 SYSTEMPATH\CodeIgniter.php(933): App\Controllers\Page->artikel()
 5 SYSTEMPATH\CodeIgniter.php(507): CodeIgniter\CodeIgniter->runController(Object(App\Controllers\Page))
 6 SYSTEMPATH\CodeIgniter.php(354): CodeIgniter\CodeIgniter->handleRequest(null, Object(Config\Cache), false)
 7 SYSTEMPATH\Boot.php(334): CodeIgniter\CodeIgniter->run()
 8 SYSTEMPATH\Boot.php(67): CodeIgniter\Boot::runCodeIgniter(Object(CodeIgniter\CodeIgniter))
 9 FCPATH\index.php(56): CodeIgniter\Boot::bootWeb(Object(Config\Paths))
10 SYSTEMPATH\rewrite.php(44): require_once('C:\\xampp\\htdocs\\Lab11_ci\\ci4\\public\\index.php')
CRITICAL - 2025-04-26 12:37:16 --> CodeIgniter\View\Exceptions\ViewException: Invalid file: "artikel.php"
[Method: GET, Route: artikel]
in SYSTEMPATH\Exceptions\FrameworkException.php on line 39.
 1 SYSTEMPATH\View\View.php(212): CodeIgniter\Exceptions\FrameworkException::forInvalidFile('artikel.php')
 2 SYSTEMPATH\Common.php(1173): CodeIgniter\View\View->render('artikel', [], true)
 3 APPPATH\Controllers\Page.php(16): view('artikel', [...])
 4 SYSTEMPATH\CodeIgniter.php(933): App\Controllers\Page->artikel()
 5 SYSTEMPATH\CodeIgniter.php(507): CodeIgniter\CodeIgniter->runController(Object(App\Controllers\Page))
 6 SYSTEMPATH\CodeIgniter.php(354): CodeIgniter\CodeIgniter->handleRequest(null, Object(Config\Cache), false)
 7 SYSTEMPATH\Boot.php(334): CodeIgniter\CodeIgniter->run()
 8 SYSTEMPATH\Boot.php(67): CodeIgniter\Boot::runCodeIgniter(Object(CodeIgniter\CodeIgniter))
 9 FCPATH\index.php(56): CodeIgniter\Boot::bootWeb(Object(Config\Paths))
10 SYSTEMPATH\rewrite.php(44): require_once('C:\\xampp\\htdocs\\Lab11_ci\\ci4\\public\\index.php')
CRITICAL - 2025-04-26 12:37:34 --> CodeIgniter\View\Exceptions\ViewException: Invalid file: "artikel.php"
[Method: GET, Route: artikel]
in SYSTEMPATH\Exceptions\FrameworkException.php on line 39.
 1 SYSTEMPATH\View\View.php(212): CodeIgniter\Exceptions\FrameworkException::forInvalidFile('artikel.php')
 2 SYSTEMPATH\Common.php(1173): CodeIgniter\View\View->render('artikel', [], true)
 3 APPPATH\Controllers\Page.php(16): view('artikel', [...])
 4 SYSTEMPATH\CodeIgniter.php(933): App\Controllers\Page->artikel()
 5 SYSTEMPATH\CodeIgniter.php(507): CodeIgniter\CodeIgniter->runController(Object(App\Controllers\Page))
 6 SYSTEMPATH\CodeIgniter.php(354): CodeIgniter\CodeIgniter->handleRequest(null, Object(Config\Cache), false)
 7 SYSTEMPATH\Boot.php(334): CodeIgniter\CodeIgniter->run()
 8 SYSTEMPATH\Boot.php(67): CodeIgniter\Boot::runCodeIgniter(Object(CodeIgniter\CodeIgniter))
 9 FCPATH\index.php(56): CodeIgniter\Boot::bootWeb(Object(Config\Paths))
10 SYSTEMPATH\rewrite.php(44): require_once('C:\\xampp\\htdocs\\Lab11_ci\\ci4\\public\\index.php')
CRITICAL - 2025-04-26 12:37:48 --> CodeIgniter\View\Exceptions\ViewException: Invalid file: "artikel.php"
[Method: GET, Route: artikel]
in SYSTEMPATH\Exceptions\FrameworkException.php on line 39.
 1 SYSTEMPATH\View\View.php(212): CodeIgniter\Exceptions\FrameworkException::forInvalidFile('artikel.php')
 2 SYSTEMPATH\Common.php(1173): CodeIgniter\View\View->render('artikel', [], true)
 3 APPPATH\Controllers\Page.php(16): view('artikel', [...])
 4 SYSTEMPATH\CodeIgniter.php(933): App\Controllers\Page->artikel()
 5 SYSTEMPATH\CodeIgniter.php(507): CodeIgniter\CodeIgniter->runController(Object(App\Controllers\Page))
 6 SYSTEMPATH\CodeIgniter.php(354): CodeIgniter\CodeIgniter->handleRequest(null, Object(Config\Cache), false)
 7 SYSTEMPATH\Boot.php(334): CodeIgniter\CodeIgniter->run()
 8 SYSTEMPATH\Boot.php(67): CodeIgniter\Boot::runCodeIgniter(Object(CodeIgniter\CodeIgniter))
 9 FCPATH\index.php(56): CodeIgniter\Boot::bootWeb(Object(Config\Paths))
10 SYSTEMPATH\rewrite.php(44): require_once('C:\\xampp\\htdocs\\Lab11_ci\\ci4\\public\\index.php')
CRITICAL - 2025-04-26 12:38:13 --> CodeIgniter\View\Exceptions\ViewException: Invalid file: "artikel.php"
[Method: GET, Route: artikel]
in SYSTEMPATH\Exceptions\FrameworkException.php on line 39.
 1 SYSTEMPATH\View\View.php(212): CodeIgniter\Exceptions\FrameworkException::forInvalidFile('artikel.php')
 2 SYSTEMPATH\Common.php(1173): CodeIgniter\View\View->render('artikel', [], true)
 3 APPPATH\Controllers\Page.php(16): view('artikel', [...])
 4 SYSTEMPATH\CodeIgniter.php(933): App\Controllers\Page->artikel()
 5 SYSTEMPATH\CodeIgniter.php(507): CodeIgniter\CodeIgniter->runController(Object(App\Controllers\Page))
 6 SYSTEMPATH\CodeIgniter.php(354): CodeIgniter\CodeIgniter->handleRequest(null, Object(Config\Cache), false)
 7 SYSTEMPATH\Boot.php(334): CodeIgniter\CodeIgniter->run()
 8 SYSTEMPATH\Boot.php(67): CodeIgniter\Boot::runCodeIgniter(Object(CodeIgniter\CodeIgniter))
 9 FCPATH\index.php(56): CodeIgniter\Boot::bootWeb(Object(Config\Paths))
10 SYSTEMPATH\rewrite.php(44): require_once('C:\\xampp\\htdocs\\Lab11_ci\\ci4\\public\\index.php')
CRITICAL - 2025-04-26 12:38:14 --> CodeIgniter\View\Exceptions\ViewException: Invalid file: "artikel.php"
[Method: GET, Route: artikel]
in SYSTEMPATH\Exceptions\FrameworkException.php on line 39.
 1 SYSTEMPATH\View\View.php(212): CodeIgniter\Exceptions\FrameworkException::forInvalidFile('artikel.php')
 2 SYSTEMPATH\Common.php(1173): CodeIgniter\View\View->render('artikel', [], true)
 3 APPPATH\Controllers\Page.php(16): view('artikel', [...])
 4 SYSTEMPATH\CodeIgniter.php(933): App\Controllers\Page->artikel()
 5 SYSTEMPATH\CodeIgniter.php(507): CodeIgniter\CodeIgniter->runController(Object(App\Controllers\Page))
 6 SYSTEMPATH\CodeIgniter.php(354): CodeIgniter\CodeIgniter->handleRequest(null, Object(Config\Cache), false)
 7 SYSTEMPATH\Boot.php(334): CodeIgniter\CodeIgniter->run()
 8 SYSTEMPATH\Boot.php(67): CodeIgniter\Boot::runCodeIgniter(Object(CodeIgniter\CodeIgniter))
 9 FCPATH\index.php(56): CodeIgniter\Boot::bootWeb(Object(Config\Paths))
10 SYSTEMPATH\rewrite.php(44): require_once('C:\\xampp\\htdocs\\Lab11_ci\\ci4\\public\\index.php')
CRITICAL - 2025-04-26 12:38:14 --> CodeIgniter\View\Exceptions\ViewException: Invalid file: "artikel.php"
[Method: GET, Route: artikel]
in SYSTEMPATH\Exceptions\FrameworkException.php on line 39.
 1 SYSTEMPATH\View\View.php(212): CodeIgniter\Exceptions\FrameworkException::forInvalidFile('artikel.php')
 2 SYSTEMPATH\Common.php(1173): CodeIgniter\View\View->render('artikel', [], true)
 3 APPPATH\Controllers\Page.php(16): view('artikel', [...])
 4 SYSTEMPATH\CodeIgniter.php(933): App\Controllers\Page->artikel()
 5 SYSTEMPATH\CodeIgniter.php(507): CodeIgniter\CodeIgniter->runController(Object(App\Controllers\Page))
 6 SYSTEMPATH\CodeIgniter.php(354): CodeIgniter\CodeIgniter->handleRequest(null, Object(Config\Cache), false)
 7 SYSTEMPATH\Boot.php(334): CodeIgniter\CodeIgniter->run()
 8 SYSTEMPATH\Boot.php(67): CodeIgniter\Boot::runCodeIgniter(Object(CodeIgniter\CodeIgniter))
 9 FCPATH\index.php(56): CodeIgniter\Boot::bootWeb(Object(Config\Paths))
10 SYSTEMPATH\rewrite.php(44): require_once('C:\\xampp\\htdocs\\Lab11_ci\\ci4\\public\\index.php')
CRITICAL - 2025-04-26 12:38:15 --> CodeIgniter\View\Exceptions\ViewException: Invalid file: "artikel.php"
[Method: GET, Route: artikel]
in SYSTEMPATH\Exceptions\FrameworkException.php on line 39.
 1 SYSTEMPATH\View\View.php(212): CodeIgniter\Exceptions\FrameworkException::forInvalidFile('artikel.php')
 2 SYSTEMPATH\Common.php(1173): CodeIgniter\View\View->render('artikel', [], true)
 3 APPPATH\Controllers\Page.php(16): view('artikel', [...])
 4 SYSTEMPATH\CodeIgniter.php(933): App\Controllers\Page->artikel()
 5 SYSTEMPATH\CodeIgniter.php(507): CodeIgniter\CodeIgniter->runController(Object(App\Controllers\Page))
 6 SYSTEMPATH\CodeIgniter.php(354): CodeIgniter\CodeIgniter->handleRequest(null, Object(Config\Cache), false)
 7 SYSTEMPATH\Boot.php(334): CodeIgniter\CodeIgniter->run()
 8 SYSTEMPATH\Boot.php(67): CodeIgniter\Boot::runCodeIgniter(Object(CodeIgniter\CodeIgniter))
 9 FCPATH\index.php(56): CodeIgniter\Boot::bootWeb(Object(Config\Paths))
10 SYSTEMPATH\rewrite.php(44): require_once('C:\\xampp\\htdocs\\Lab11_ci\\ci4\\public\\index.php')
CRITICAL - 2025-04-26 12:38:15 --> CodeIgniter\View\Exceptions\ViewException: Invalid file: "artikel.php"
[Method: GET, Route: artikel]
in SYSTEMPATH\Exceptions\FrameworkException.php on line 39.
 1 SYSTEMPATH\View\View.php(212): CodeIgniter\Exceptions\FrameworkException::forInvalidFile('artikel.php')
 2 SYSTEMPATH\Common.php(1173): CodeIgniter\View\View->render('artikel', [], true)
 3 APPPATH\Controllers\Page.php(16): view('artikel', [...])
 4 SYSTEMPATH\CodeIgniter.php(933): App\Controllers\Page->artikel()
 5 SYSTEMPATH\CodeIgniter.php(507): CodeIgniter\CodeIgniter->runController(Object(App\Controllers\Page))
 6 SYSTEMPATH\CodeIgniter.php(354): CodeIgniter\CodeIgniter->handleRequest(null, Object(Config\Cache), false)
 7 SYSTEMPATH\Boot.php(334): CodeIgniter\CodeIgniter->run()
 8 SYSTEMPATH\Boot.php(67): CodeIgniter\Boot::runCodeIgniter(Object(CodeIgniter\CodeIgniter))
 9 FCPATH\index.php(56): CodeIgniter\Boot::bootWeb(Object(Config\Paths))
10 SYSTEMPATH\rewrite.php(44): require_once('C:\\xampp\\htdocs\\Lab11_ci\\ci4\\public\\index.php')
CRITICAL - 2025-04-26 12:38:15 --> CodeIgniter\View\Exceptions\ViewException: Invalid file: "artikel.php"
[Method: GET, Route: artikel]
in SYSTEMPATH\Exceptions\FrameworkException.php on line 39.
 1 SYSTEMPATH\View\View.php(212): CodeIgniter\Exceptions\FrameworkException::forInvalidFile('artikel.php')
 2 SYSTEMPATH\Common.php(1173): CodeIgniter\View\View->render('artikel', [], true)
 3 APPPATH\Controllers\Page.php(16): view('artikel', [...])
 4 SYSTEMPATH\CodeIgniter.php(933): App\Controllers\Page->artikel()
 5 SYSTEMPATH\CodeIgniter.php(507): CodeIgniter\CodeIgniter->runController(Object(App\Controllers\Page))
 6 SYSTEMPATH\CodeIgniter.php(354): CodeIgniter\CodeIgniter->handleRequest(null, Object(Config\Cache), false)
 7 SYSTEMPATH\Boot.php(334): CodeIgniter\CodeIgniter->run()
 8 SYSTEMPATH\Boot.php(67): CodeIgniter\Boot::runCodeIgniter(Object(CodeIgniter\CodeIgniter))
 9 FCPATH\index.php(56): CodeIgniter\Boot::bootWeb(Object(Config\Paths))
10 SYSTEMPATH\rewrite.php(44): require_once('C:\\xampp\\htdocs\\Lab11_ci\\ci4\\public\\index.php')
CRITICAL - 2025-04-26 12:44:10 --> CodeIgniter\View\Exceptions\ViewException: Invalid file: "artikel.php"
[Method: GET, Route: artikel]
in SYSTEMPATH\Exceptions\FrameworkException.php on line 39.
 1 SYSTEMPATH\View\View.php(212): CodeIgniter\Exceptions\FrameworkException::forInvalidFile('artikel.php')
 2 SYSTEMPATH\Common.php(1173): CodeIgniter\View\View->render('artikel', [], true)
 3 APPPATH\Controllers\Page.php(16): view('artikel', [...])
 4 SYSTEMPATH\CodeIgniter.php(933): App\Controllers\Page->artikel()
 5 SYSTEMPATH\CodeIgniter.php(507): CodeIgniter\CodeIgniter->runController(Object(App\Controllers\Page))
 6 SYSTEMPATH\CodeIgniter.php(354): CodeIgniter\CodeIgniter->handleRequest(null, Object(Config\Cache), false)
 7 SYSTEMPATH\Boot.php(334): CodeIgniter\CodeIgniter->run()
 8 SYSTEMPATH\Boot.php(67): CodeIgniter\Boot::runCodeIgniter(Object(CodeIgniter\CodeIgniter))
 9 FCPATH\index.php(56): CodeIgniter\Boot::bootWeb(Object(Config\Paths))
10 SYSTEMPATH\rewrite.php(44): require_once('C:\\xampp\\htdocs\\Lab11_ci\\ci4\\public\\index.php')
CRITICAL - 2025-04-26 12:45:12 --> CodeIgniter\View\Exceptions\ViewException: Invalid file: "artikel.php"
[Method: GET, Route: artikel]
in SYSTEMPATH\Exceptions\FrameworkException.php on line 39.
 1 SYSTEMPATH\View\View.php(212): CodeIgniter\Exceptions\FrameworkException::forInvalidFile('artikel.php')
 2 SYSTEMPATH\Common.php(1173): CodeIgniter\View\View->render('artikel', [], true)
 3 APPPATH\Controllers\Page.php(16): view('artikel', [...])
 4 SYSTEMPATH\CodeIgniter.php(933): App\Controllers\Page->artikel()
 5 SYSTEMPATH\CodeIgniter.php(507): CodeIgniter\CodeIgniter->runController(Object(App\Controllers\Page))
 6 SYSTEMPATH\CodeIgniter.php(354): CodeIgniter\CodeIgniter->handleRequest(null, Object(Config\Cache), false)
 7 SYSTEMPATH\Boot.php(334): CodeIgniter\CodeIgniter->run()
 8 SYSTEMPATH\Boot.php(67): CodeIgniter\Boot::runCodeIgniter(Object(CodeIgniter\CodeIgniter))
 9 FCPATH\index.php(56): CodeIgniter\Boot::bootWeb(Object(Config\Paths))
10 SYSTEMPATH\rewrite.php(44): require_once('C:\\xampp\\htdocs\\Lab11_ci\\ci4\\public\\index.php')
